225887887 | 5000 | 09/03 18:26 | 지영동
229606022 | 5000 | 09/28 15:26 | 김명수
246262202 | 5000 | 09/28 19:11 | 박성재
19380921 | 5000 | 09/28 20:07 | 이정학
226480511 | 5000 | 09/29 14:42 | 박중택
219404620 | 5000 | 09/29 20:57 | 서태호
240429502 | 5000 | 10/01 13:50 | 홍진호
193773140 | 5000 | 10/01 13:52 | 권정빈
222857873 | 5000 | 10/02 09:12 | 하승완
259712004 | 5000 | 10/02 11:05 | 장홍일
265205376 | 5000 | 10/10 10:55 | 김영애 | 70653921
197606984 | 5000 | 10/11 22:07 | 엄기성 | 70746456
250066938 | 5000 | 10/12 09:38 | 김지현 | 70770482
256008800 | 5000 | 10/16 08:10 | 최광석 | 70976775
201894380 | 5000 | 10/16 09:38 | 한승호 | 70980207
234700151 | 5000 | 10/16 13:41 | 선찬규 | 70985543
265665250 | 5000 | 10/16 16:06 | 김잠제 | 70990202
217184134 | 5000 | 10/16 17:30 | 류한진 | 70995324
265673266 | 5000 | 10/16 17:55 | 박위철
265673266 | 5000 | 10/16 17:55 | 박위철
226746503 | 5000 | 10/16 19:15 | 변규현 | 71000945
0 | 5000 | 10/16 19:29 | 최연임 | 71001470
246179555 | 5000 | 10/16 20:16 | 김지훈 | 71003713
