197606984 | 5000 | 04/20 19:18 | 엄기성
274521627 | 5000 | 04/21 11:16 | 이금춘
253451122 | 5000 | 04/21 14:39 | 조용진
226480511 | 5000 | 04/22 09:10 | 박중택
278579918 | 5000 | 04/22 10:52 | 김중호
263701344 | 5000 | 04/22 17:22 | 김충열
136686402 | 5000 | 04/22 17:38 | 김경태
279771990 | 5000 | 04/25 17:54 | 박현호
279771968 | 5000 | 04/25 17:56 | 원준희
279527996 | 5000 | 04/28 21:14 | 조용훈
280022459 | 5000 | 04/29 13:14 | 곽승혁
276628976 | 5000 | 04/30 11:49 | 김도형
186096780 | 5000 | 05/01 10:13 | 이규석
197606984 | 100000 | 05/07 14:29 | 엄기성 | 후원금
214300420 | 5000 | 05/07 15:03 | 이용주
280022459 | 5000 | 05/07 17:50 | 곽승혁
216380434 | 5000 | 05/07 18:54 | 김석영
226746503 | 5000 | 05/07 19:08 | 변규현
182150572 | 5000 | 05/07 19:10 | 윤평호
235202762 | 5000 | 05/07 19:12 | 유정열
