245553623 | 5000 | 08/12 16:03 | 김성현
197606984 | 5000 | 08/12 16:04 | 엄기성
281042417 | 5000 | 08/12 16:49 | 권윤민
218526310 | 5000 | 08/12 18:08 | 김진웅
253263964 | 5000 | 08/12 18:31 | 이종희
286469196 | 5000 | 08/12 19:50 | 박정민
277386906 | 5000 | 08/13 09:25 | 허철승
287456501 | 5000 | 08/13 15:52 | 김재훈
283352423 | 5000 | 08/13 16:49 | 이윤석
281571470 | 5000 | 08/13 17:22 | 오연주
265665250 | 5000 | 08/13 19:15 | 김잠제
248971627 | 5000 | 08/13 22:29 | 정민기
272098466 | 5000 | 08/14 10:38 | 공병국
167950912 | 5000 | 08/19 10:23 | 서호석
255148770 | 5000 | 08/19 20:23 | 최원석
176093302 | 5000 | 08/19 21:26 | 박정춘
234616492 | 5000 | 08/20 09:26 | 서현철
287983721 | 5000 | 08/20 19:25 | 이상준
0 | 5000 | 08/22 00:17 | 김병규
0 | 5000 | 08/26 16:59 | 한상윤
