0 | 5000 | 12/30 15:06 | 강성원
0 | 5000 | 12/30 16:18 | 김정민
0 | 5000 | 12/30 17:14 | 서호석
0 | 5000 | 12/31 05:22 | 이은학
0 | 5000 | 01/01 12:25 | 김잠제
0 | 5000 | 01/01 20:16 | 백수현
0 | 5000 | 01/01 23:39 | 엄기성
0 | 5000 | 01/02 13:29 | 이권수
0 | 5000 | 01/03 15:38 | 김유상(1월7일)
0 | 5000 | 01/04 22:01 | 이상진
0 | 5000 | 01/04 22:02 | 권도균
0 | 5000 | 01/05 10:15 | 주세환
0 | 5000 | 01/06 08:08 | 유병혁
0 | 5000 | 01/06 10:07 | 이한준
0 | 5000 | 01/06 10:23 | 유정열
0 | 5000 | 01/06 11:13 | 박건수
0 | 5000 | 01/06 11:43 | 장진금
0 | 5000 | 01/06 13:25 | 황이
0 | 5000 | 01/06 15:21 | 이장재
0 | 5000 | 01/06 15:27 | 정재환
0 | 5000 | 01/06 23:47 | 정수빈
0 | 5000 | 01/07 14:36 | 우인용EVANCLI
0 | 5000 | 01/07 15:21 | 이한국
